SF:lib/data/datasource/series_remote_data_source.dart
DA:23,1
DA:25,1
DA:28,3
DA:29,2
DA:30,4
DA:32,1
DA:36,1
DA:39,3
DA:40,2
DA:41,4
DA:43,1
DA:47,1
DA:50,3
DA:51,2
DA:52,4
DA:54,1
DA:58,0
DA:60,0
DA:61,0
DA:62,0
DA:64,0
DA:68,1
DA:70,1
DA:71,3
DA:72,2
DA:73,4
DA:75,1
DA:79,0
DA:81,0
DA:82,0
DA:83,0
DA:84,0
DA:86,0
LF:33
LH:22
end_of_record
SF:lib/data/models/series_response.dart
DA:8,2
DA:10,4
DA:11,4
DA:12,6
DA:13,6
DA:16,2
DA:17,5
DA:20,1
DA:21,2
LF:9
LH:9
end_of_record
SF:lib/data/datasource/series_local_data_source.dart
DA:14,0
DA:16,0
DA:19,0
DA:22,0
DA:26,0
DA:28,0
DA:30,0
DA:35,0
DA:37,0
DA:38,0
DA:41,0
DA:44,0
DA:47,0
LF:13
LH:0
end_of_record
SF:lib/data/models/series_detail_model.dart
DA:10,1
DA:42,0
DA:43,0
DA:44,0
DA:45,0
DA:46,0
DA:47,0
DA:48,0
DA:49,0
DA:50,0
DA:51,0
DA:52,0
DA:53,0
DA:54,0
DA:55,0
DA:56,0
DA:57,0
DA:58,0
DA:60,0
DA:61,0
DA:62,0
DA:63,0
DA:64,0
DA:65,0
DA:66,0
DA:67,0
DA:68,0
DA:69,0
DA:70,0
DA:71,0
DA:72,0
DA:73,0
DA:74,0
DA:76,1
DA:77,1
DA:78,1
DA:79,1
DA:80,5
DA:81,1
DA:82,1
DA:83,1
DA:84,1
DA:85,1
DA:86,1
DA:87,1
DA:90,0
DA:91,0
DA:92,0
DA:93,0
DA:94,0
DA:95,0
DA:96,0
DA:97,0
DA:98,0
DA:99,0
DA:100,0
DA:101,0
DA:102,0
DA:103,0
DA:104,0
DA:105,0
LF:61
LH:13
end_of_record
SF:lib/data/models/series_model.dart
DA:7,4
DA:33,4
DA:34,2
DA:35,8
DA:36,2
DA:37,2
DA:38,2
DA:39,4
DA:40,2
DA:41,2
DA:42,2
DA:43,4
DA:44,2
DA:46,2
DA:47,1
DA:48,4
DA:49,1
DA:50,1
DA:51,1
DA:52,1
DA:53,1
DA:54,1
DA:55,1
DA:56,1
DA:57,1
DA:60,2
DA:61,2
DA:62,2
DA:63,2
DA:64,2
DA:65,2
DA:66,2
DA:67,2
DA:68,2
DA:69,2
DA:70,2
DA:71,2
DA:72,2
DA:75,2
DA:76,2
DA:77,2
DA:78,2
DA:79,2
DA:80,2
DA:81,2
DA:82,2
DA:83,2
DA:84,2
DA:85,2
DA:86,2
DA:87,2
LF:51
LH:51
end_of_record
SF:lib/data/models/series_table.dart
DA:14,1
DA:21,2
DA:22,1
DA:23,1
DA:24,1
DA:25,1
DA:28,0
DA:29,0
DA:30,0
DA:31,0
DA:32,0
DA:35,0
DA:36,0
DA:37,0
DA:38,0
DA:39,0
DA:42,2
DA:43,1
DA:44,1
DA:45,1
DA:46,1
DA:49,1
DA:50,5
LF:23
LH:13
end_of_record
SF:lib/domain/entities/series.dart
DA:6,7
DA:20,1
DA:39,5
DA:40,5
DA:41,5
DA:42,5
DA:43,5
DA:44,5
DA:45,5
DA:46,5
DA:47,5
DA:48,5
DA:49,5
DA:50,5
DA:51,5
LF:15
LH:15
end_of_record
SF:lib/domain/entities/series_detail.dart
DA:7,8
DA:31,2
DA:32,2
DA:33,2
DA:34,2
DA:35,2
DA:36,2
DA:37,2
DA:38,2
DA:39,2
DA:40,2
DA:41,2
LF:12
LH:12
end_of_record
SF:lib/data/datasource/db/series_database_helper.dart
DA:8,0
DA:12,0
DA:13,0
DA:17,0
DA:18,0
DA:24,0
DA:25,0
DA:26,0
DA:28,0
DA:32,0
DA:33,0
DA:42,0
DA:43,0
DA:44,0
DA:47,0
DA:48,0
DA:50,0
DA:53,0
DA:54,0
DA:56,0
DA:57,0
DA:58,0
DA:64,0
DA:65,0
DA:66,0
LF:25
LH:0
end_of_record
SF:lib/data/repositories/series_repository_impl.dart
DA:16,1
DA:19,1
DA:22,2
DA:23,5
DA:24,1
DA:26,1
DA:31,1
DA:34,2
DA:35,5
DA:36,1
DA:38,1
DA:43,1
DA:46,2
DA:47,5
DA:48,1
DA:50,1
DA:55,0
DA:58,0
DA:59,0
DA:60,0
DA:62,0
DA:67,1
DA:70,2
DA:71,5
DA:72,1
DA:74,1
DA:79,1
DA:81,2
DA:82,5
DA:85,1
DA:87,2
DA:91,1
DA:94,1
DA:95,2
DA:96,1
DA:97,1
DA:98,3
DA:104,1
DA:107,1
DA:108,2
DA:110,1
DA:111,1
DA:112,3
DA:118,1
DA:121,2
DA:122,5
DA:123,1
DA:125,1
LF:48
LH:43
end_of_record
SF:lib/domain/usecases/save_watchlist.dart
DA:8,1
DA:10,1
DA:11,2
LF:3
LH:3
end_of_record
SF:lib/domain/usecases/get_series_recommendation.dart
DA:8,1
DA:10,1
DA:11,2
LF:3
LH:3
end_of_record
SF:lib/domain/usecases/get_top_rated_series.dart
DA:8,1
DA:10,1
DA:11,2
LF:3
LH:3
end_of_record
SF:lib/domain/usecases/get_now_playing_series.dart
DA:8,1
DA:10,1
DA:11,2
LF:3
LH:3
end_of_record
SF:lib/domain/usecases/remove_watchlist.dart
DA:8,1
DA:10,1
DA:11,2
LF:3
LH:3
end_of_record
SF:lib/domain/usecases/get_series_detail.dart
DA:8,1
DA:10,1
DA:11,2
LF:3
LH:3
end_of_record
SF:lib/domain/usecases/search_series.dart
DA:8,1
DA:9,1
DA:10,2
LF:3
LH:3
end_of_record
SF:lib/domain/usecases/get_popular_series.dart
DA:8,1
DA:10,1
DA:11,2
LF:3
LH:3
end_of_record
SF:lib/domain/usecases/get_watchlist_status_series.dart
DA:5,1
DA:7,1
DA:8,2
LF:3
LH:3
end_of_record
SF:lib/presentation/bloc/series_detail/series_recommendation/series_recommendation_bloc.dart
DA:9,2
DA:10,2
DA:11,4
DA:12,2
DA:13,6
DA:14,2
DA:15,8
DA:16,6
LF:8
LH:8
end_of_record
SF:lib/presentation/bloc/series_detail/series_recommendation/series_recommendation_event.dart
DA:4,2
DA:5,0
DA:6,0
DA:11,2
DA:12,0
DA:13,0
LF:6
LH:2
end_of_record
SF:lib/presentation/bloc/series_detail/series_recommendation/series_recommendation_state.dart
DA:5,10
DA:6,2
DA:7,2
DA:11,8
DA:15,10
DA:20,2
DA:21,2
DA:22,4
DA:27,2
DA:28,2
DA:29,4
LF:11
LH:11
end_of_record
SF:lib/presentation/bloc/series_popular/series_popular_bloc.dart
DA:8,3
DA:9,2
DA:10,2
DA:11,2
DA:12,1
DA:13,4
DA:14,3
LF:7
LH:7
end_of_record
SF:lib/presentation/bloc/series_popular/series_popular_event.dart
DA:2,1
DA:6,1
LF:2
LH:2
end_of_record
SF:lib/presentation/bloc/series_popular/series_popular_state.dart
DA:5,1
DA:7,1
DA:8,1
DA:17,1
DA:18,1
DA:19,2
DA:24,1
DA:26,1
DA:27,2
LF:9
LH:9
end_of_record
SF:lib/presentation/bloc/series_detail/series_detail_bloc.dart
DA:8,3
DA:9,1
DA:10,1
DA:11,2
DA:12,3
DA:13,1
DA:14,4
DA:15,3
LF:8
LH:8
end_of_record
SF:lib/presentation/bloc/series_detail/series_detail_event.dart
DA:4,0
DA:5,0
DA:10,1
DA:12,0
DA:13,0
LF:5
LH:1
end_of_record
SF:lib/presentation/bloc/series_detail/series_detail_state.dart
DA:5,1
DA:6,1
DA:7,1
DA:12,0
DA:14,0
DA:15,0
DA:22,1
DA:29,1
DA:31,1
DA:32,2
LF:10
LH:7
end_of_record
SF:lib/presentation/bloc/series_top_rated/series_top_rated_bloc.dart
DA:9,3
DA:10,2
DA:11,2
DA:12,2
DA:13,1
DA:14,4
DA:15,3
LF:7
LH:7
end_of_record
SF:lib/presentation/bloc/series_top_rated/series_top_rated_event.dart
DA:2,1
DA:6,1
LF:2
LH:2
end_of_record
SF:lib/presentation/bloc/series_top_rated/series_top_rated_state.dart
DA:5,1
DA:6,1
DA:7,1
DA:16,1
DA:21,1
LF:5
LH:5
end_of_record
SF:lib/presentation/bloc/series_now_playing/series_now_playing_bloc.dart
DA:9,3
DA:10,2
DA:11,2
DA:12,2
DA:13,1
DA:14,4
DA:15,3
LF:7
LH:7
end_of_record
SF:lib/presentation/bloc/series_now_playing/series_now_playing_event.dart
DA:2,1
DA:6,1
LF:2
LH:2
end_of_record
SF:lib/presentation/bloc/series_now_playing/series_now_playing_state.dart
DA:5,1
DA:6,1
DA:15,1
DA:20,1
LF:4
LH:4
end_of_record
SF:lib/presentation/bloc/series_detail/series_watchlist_status/series_watchlist_satus_state.dart
DA:8,4
DA:10,2
DA:11,6
LF:3
LH:3
end_of_record
SF:lib/presentation/bloc/series_detail/series_watchlist_status/series_watchlist_status_bloc.dart
DA:16,2
DA:20,2
DA:21,2
DA:22,2
DA:23,6
DA:24,2
DA:25,4
DA:29,4
DA:30,6
DA:32,2
DA:33,2
DA:34,8
DA:35,2
DA:37,2
DA:38,6
DA:42,8
DA:43,4
DA:44,4
DA:45,14
DA:47,4
DA:48,6
DA:50,2
DA:51,0
DA:52,0
DA:53,0
DA:55,2
DA:56,6
DA:60,8
DA:61,4
DA:62,4
DA:63,14
LF:31
LH:28
end_of_record
SF:lib/presentation/bloc/series_detail/series_watchlist_status/series_watchlist_status_event.dart
DA:4,2
DA:10,2
DA:15,0
DA:20,2
DA:25,2
LF:5
LH:4
end_of_record
