SF:lib/data/datasource/db/series_database_helper.dart
DA:8,0
DA:12,0
DA:13,0
DA:17,0
DA:18,0
DA:24,0
DA:25,0
DA:26,0
DA:28,0
DA:32,0
DA:33,0
DA:42,0
DA:43,0
DA:44,0
DA:47,0
DA:48,0
DA:50,0
DA:53,0
DA:54,0
DA:56,0
DA:57,0
DA:58,0
DA:64,0
DA:65,0
DA:66,0
LF:25
LH:0
end_of_record
SF:lib/data/datasource/series_local_data_source.dart
DA:14,1
DA:16,1
DA:19,2
DA:22,2
DA:26,1
DA:28,2
DA:30,1
DA:35,1
DA:37,2
DA:38,4
DA:41,1
DA:44,2
DA:47,2
LF:13
LH:13
end_of_record
SF:lib/data/models/series_table.dart
DA:14,11
DA:21,4
DA:22,2
DA:23,2
DA:24,2
DA:25,2
DA:28,4
DA:29,2
DA:30,2
DA:31,2
DA:32,2
DA:35,2
DA:36,1
DA:37,1
DA:38,1
DA:39,1
DA:42,4
DA:43,2
DA:44,2
DA:45,2
DA:46,2
DA:49,3
DA:50,15
LF:23
LH:23
end_of_record
SF:lib/data/models/series_detail_model.dart
DA:10,11
DA:42,2
DA:43,2
DA:44,2
DA:45,2
DA:46,6
DA:47,2
DA:48,2
DA:49,2
DA:50,2
DA:51,2
DA:52,4
DA:53,2
DA:54,2
DA:55,2
DA:56,2
DA:57,4
DA:58,2
DA:60,4
DA:61,2
DA:62,8
DA:63,2
DA:64,2
DA:65,2
DA:66,2
DA:67,2
DA:68,2
DA:69,2
DA:70,2
DA:71,2
DA:72,2
DA:73,2
DA:74,2
DA:76,2
DA:77,2
DA:78,2
DA:79,2
DA:80,10
DA:81,2
DA:82,2
DA:83,2
DA:84,2
DA:85,2
DA:86,2
DA:87,2
DA:90,2
DA:91,2
DA:92,2
DA:93,2
DA:94,2
DA:95,2
DA:96,2
DA:97,2
DA:98,2
DA:99,2
DA:100,2
DA:101,2
DA:102,2
DA:103,2
DA:104,2
DA:105,2
LF:61
LH:61
end_of_record
SF:lib/domain/entities/series_detail.dart
DA:7,11
DA:31,3
DA:32,3
DA:33,3
DA:34,3
DA:35,3
DA:36,3
DA:37,3
DA:38,3
DA:39,3
DA:40,3
DA:41,3
LF:12
LH:12
end_of_record
SF:lib/data/models/series_model.dart
DA:7,4
DA:33,2
DA:34,1
DA:35,4
DA:36,1
DA:37,1
DA:38,1
DA:39,2
DA:40,1
DA:41,1
DA:42,1
DA:43,2
DA:44,1
DA:46,2
DA:47,1
DA:48,4
DA:49,1
DA:50,1
DA:51,1
DA:52,1
DA:53,1
DA:54,1
DA:55,1
DA:56,1
DA:57,1
DA:60,2
DA:61,2
DA:62,2
DA:63,2
DA:64,2
DA:65,2
DA:66,2
DA:67,2
DA:68,2
DA:69,2
DA:70,2
DA:71,2
DA:72,2
DA:75,1
DA:76,1
DA:77,1
DA:78,1
DA:79,1
DA:80,1
DA:81,1
DA:82,1
DA:83,1
DA:84,1
DA:85,1
DA:86,1
DA:87,1
LF:51
LH:51
end_of_record
SF:lib/domain/entities/series.dart
DA:6,7
DA:20,2
DA:39,5
DA:40,5
DA:41,5
DA:42,5
DA:43,5
DA:44,5
DA:45,5
DA:46,5
DA:47,5
DA:48,5
DA:49,5
DA:50,5
DA:51,5
LF:15
LH:15
end_of_record
SF:lib/data/models/series_response.dart
DA:8,4
DA:10,4
DA:11,4
DA:12,4
DA:13,4
DA:16,4
DA:17,8
DA:20,1
DA:21,2
LF:9
LH:9
end_of_record
SF:lib/presentation/bloc/series_detail/series_detail_state.dart
DA:5,3
DA:6,1
DA:7,1
DA:12,1
DA:14,1
DA:15,2
DA:22,2
DA:23,2
DA:24,4
DA:31,2
DA:33,2
DA:34,4
LF:12
LH:12
end_of_record
SF:lib/data/datasource/series_remote_data_source.dart
DA:23,1
DA:25,1
DA:28,3
DA:29,2
DA:30,4
DA:32,1
DA:36,1
DA:39,3
DA:40,2
DA:41,4
DA:43,1
DA:47,1
DA:50,3
DA:51,2
DA:52,4
DA:54,1
DA:58,1
DA:60,4
DA:61,2
DA:62,3
DA:64,1
DA:68,1
DA:70,1
DA:71,3
DA:72,2
DA:73,4
DA:75,1
DA:79,1
DA:81,1
DA:82,3
DA:83,2
DA:84,4
DA:86,1
LF:33
LH:33
end_of_record
SF:lib/data/repositories/series_repository_impl.dart
DA:16,1
DA:19,1
DA:22,2
DA:23,5
DA:24,1
DA:26,1
DA:31,1
DA:34,2
DA:35,5
DA:36,1
DA:38,1
DA:43,1
DA:46,2
DA:47,5
DA:48,1
DA:50,1
DA:55,1
DA:58,2
DA:59,2
DA:60,1
DA:62,1
DA:67,1
DA:70,2
DA:71,5
DA:72,1
DA:74,1
DA:79,1
DA:81,2
DA:82,5
DA:85,1
DA:87,2
DA:91,1
DA:94,1
DA:95,2
DA:96,1
DA:97,1
DA:98,3
DA:104,1
DA:107,1
DA:108,2
DA:110,1
DA:111,1
DA:112,3
DA:118,1
DA:121,2
DA:122,5
DA:123,1
DA:125,1
LF:48
LH:48
end_of_record
SF:lib/domain/usecases/save_watchlist.dart
DA:8,1
DA:10,1
DA:11,2
LF:3
LH:3
end_of_record
SF:lib/domain/usecases/get_series_recommendation.dart
DA:8,1
DA:10,1
DA:11,2
LF:3
LH:3
end_of_record
SF:lib/domain/usecases/get_top_rated_series.dart
DA:8,1
DA:10,1
DA:11,2
LF:3
LH:3
end_of_record
SF:lib/domain/usecases/get_now_playing_series.dart
DA:8,1
DA:10,1
DA:11,2
LF:3
LH:3
end_of_record
SF:lib/domain/usecases/get_series_detail.dart
DA:8,1
DA:10,1
DA:11,2
LF:3
LH:3
end_of_record
SF:lib/domain/usecases/remove_watchlist.dart
DA:8,1
DA:10,1
DA:11,2
LF:3
LH:3
end_of_record
SF:lib/domain/usecases/search_series.dart
DA:8,1
DA:9,1
DA:10,2
LF:3
LH:3
end_of_record
SF:lib/domain/usecases/get_popular_series.dart
DA:8,1
DA:10,1
DA:11,2
LF:3
LH:3
end_of_record
SF:lib/domain/usecases/get_watchlist_status_series.dart
DA:5,1
DA:7,1
DA:8,2
LF:3
LH:3
end_of_record
SF:lib/presentation/bloc/series_detail/series_recommendation/series_recommendation_bloc.dart
DA:9,2
DA:10,2
DA:11,4
DA:12,2
DA:13,6
DA:14,2
DA:15,8
DA:16,6
LF:8
LH:8
end_of_record
SF:lib/presentation/bloc/series_detail/series_recommendation/series_recommendation_event.dart
DA:2,2
DA:7,2
LF:2
LH:2
end_of_record
SF:lib/presentation/bloc/series_detail/series_recommendation/series_recommendation_state.dart
DA:5,13
DA:6,2
DA:7,2
DA:11,9
DA:15,11
DA:20,3
DA:21,2
DA:22,4
DA:27,2
DA:28,2
DA:29,4
LF:11
LH:11
end_of_record
SF:lib/presentation/bloc/series_popular/series_popular_bloc.dart
DA:8,3
DA:9,2
DA:10,2
DA:11,2
DA:12,1
DA:13,4
DA:14,3
LF:7
LH:7
end_of_record
SF:lib/presentation/bloc/series_popular/series_popular_event.dart
DA:2,1
DA:6,1
LF:2
LH:2
end_of_record
SF:lib/presentation/bloc/series_popular/series_popular_state.dart
DA:5,2
DA:7,1
DA:8,1
DA:17,2
DA:18,1
DA:19,2
DA:24,1
DA:26,1
DA:27,2
LF:9
LH:9
end_of_record
SF:lib/presentation/bloc/series_detail/series_detail_bloc.dart
DA:8,3
DA:9,1
DA:10,1
DA:11,2
DA:12,3
DA:13,1
DA:14,4
DA:15,3
LF:8
LH:8
end_of_record
SF:lib/presentation/bloc/series_detail/series_detail_event.dart
DA:7,2
DA:9,1
DA:10,2
LF:3
LH:3
end_of_record
SF:lib/presentation/bloc/series_now_playing/series_now_playing_bloc.dart
DA:9,3
DA:10,2
DA:11,2
DA:12,2
DA:13,1
DA:14,4
DA:15,3
LF:7
LH:7
end_of_record
SF:lib/presentation/bloc/series_now_playing/series_now_playing_event.dart
DA:2,1
DA:6,1
LF:2
LH:2
end_of_record
SF:lib/presentation/bloc/series_now_playing/series_now_playing_state.dart
DA:5,1
DA:6,1
DA:15,1
DA:20,1
LF:4
LH:4
end_of_record
SF:lib/presentation/bloc/series_detail/series_watchlist_status/series_watchlist_satus_state.dart
DA:8,6
DA:10,2
DA:11,6
LF:3
LH:3
end_of_record
SF:lib/presentation/bloc/series_detail/series_watchlist_status/series_watchlist_status_bloc.dart
DA:15,2
DA:19,2
DA:20,2
DA:21,2
DA:22,6
DA:23,4
DA:27,4
DA:28,6
DA:30,2
DA:31,2
DA:32,2
DA:34,2
DA:38,8
DA:39,4
DA:41,4
DA:42,6
DA:44,2
DA:45,1
DA:46,1
DA:48,2
DA:52,8
DA:53,4
LF:22
LH:22
end_of_record
SF:lib/presentation/bloc/series_detail/series_watchlist_status/series_watchlist_status_event.dart
DA:4,4
DA:10,2
DA:15,2
DA:20,2
LF:4
LH:4
end_of_record
SF:lib/presentation/bloc/series_top_rated/series_top_rated_bloc.dart
DA:9,3
DA:10,2
DA:11,2
DA:12,2
DA:13,1
DA:14,4
DA:15,3
LF:7
LH:7
end_of_record
SF:lib/presentation/bloc/series_top_rated/series_top_rated_event.dart
DA:2,1
DA:6,1
LF:2
LH:2
end_of_record
SF:lib/presentation/bloc/series_top_rated/series_top_rated_state.dart
DA:5,2
DA:6,1
DA:7,1
DA:16,2
DA:21,1
LF:5
LH:5
end_of_record
