SF:lib/search.dart
DA:6,2
LF:1
LH:1
end_of_record
SF:lib/domain/usecase/search_series.dart
DA:8,1
DA:9,1
DA:10,2
LF:3
LH:3
end_of_record
SF:lib/domain/usecase/search_movies.dart
DA:9,1
DA:11,1
DA:12,2
LF:3
LH:3
end_of_record
SF:lib/presentation/bloc/search_event.dart
DA:4,2
DA:9,2
LF:2
LH:2
end_of_record
SF:lib/presentation/bloc/search_series/search_series_bloc.dart
DA:9,3
DA:10,2
DA:11,1
DA:12,2
DA:13,2
DA:14,1
DA:15,4
DA:16,1
DA:17,1
DA:18,2
DA:20,2
DA:24,1
LF:12
LH:12
end_of_record
SF:lib/presentation/bloc/search_state.dart
DA:4,2
DA:5,2
DA:10,2
DA:17,2
DA:24,2
LF:5
LH:5
end_of_record
SF:lib/presentation/bloc/search_movies/search_movies_bloc.dart
DA:9,3
DA:10,2
DA:11,1
DA:12,2
DA:13,2
DA:14,1
DA:15,4
DA:16,1
DA:17,1
DA:18,3
DA:20,3
DA:23,1
LF:12
LH:12
end_of_record
