SF:lib/domain/usecase/get_watchlist_series.dart
DA:8,1
DA:10,1
DA:11,2
LF:3
LH:3
end_of_record
SF:lib/domain/usecase/get_watchlist_movies.dart
DA:9,1
DA:11,1
DA:12,2
LF:3
LH:3
end_of_record
SF:lib/presentation/bloc/watchlist/watchlist_bloc.dart
DA:10,1
DA:12,2
DA:13,1
DA:14,1
DA:16,2
DA:17,2
DA:18,1
DA:19,2
DA:20,4
DA:21,3
DA:23,2
DA:27,2
DA:28,2
DA:29,1
DA:30,2
DA:31,4
DA:32,3
DA:33,2
LF:18
LH:18
end_of_record
SF:lib/presentation/bloc/watchlist/watchlist_event.dart
DA:2,1
DA:6,1
DA:10,1
LF:3
LH:3
end_of_record
SF:lib/presentation/bloc/watchlist/watchlist_state.dart
DA:8,1
DA:13,1
DA:14,3
LF:3
LH:3
end_of_record
