SF:lib/domain/usecase/get_watchlist_movies.dart
DA:9,1
DA:11,1
DA:12,2
LF:3
LH:3
end_of_record
SF:lib/domain/usecase/get_watchlist_series.dart
DA:8,1
DA:10,1
DA:11,2
LF:3
LH:3
end_of_record
SF:lib/presentation/bloc/watchlist/watchlist_bloc.dart
DA:10,1
DA:12,2
DA:13,1
DA:14,1
DA:16,2
DA:17,2
DA:18,1
DA:19,0
DA:20,3
DA:22,2
DA:26,2
DA:27,2
DA:28,1
DA:29,0
DA:30,3
DA:31,2
LF:16
LH:14
end_of_record
SF:lib/presentation/bloc/watchlist/watchlist_event.dart
DA:2,1
DA:6,1
DA:10,1
LF:3
LH:3
end_of_record
SF:lib/presentation/bloc/watchlist/watchlist_state.dart
DA:8,1
DA:13,1
DA:14,3
LF:3
LH:3
end_of_record
SF:lib/presentation/interface/home_screen.dart
DA:19,1
DA:20,1
DA:24,1
DA:26,1
DA:27,1
DA:28,3
DA:29,1
DA:30,1
DA:31,1
DA:32,1
DA:33,3
DA:34,1
DA:35,1
DA:36,1
DA:39,1
DA:41,1
DA:42,1
DA:43,1
DA:44,1
DA:45,1
DA:46,1
DA:47,1
DA:49,1
DA:50,1
DA:52,1
DA:53,1
DA:54,1
DA:55,0
DA:57,0
DA:58,0
DA:59,0
DA:62,1
DA:63,1
DA:64,1
DA:65,0
DA:67,0
DA:68,0
DA:69,0
DA:72,1
DA:73,1
DA:74,1
DA:75,0
DA:76,0
DA:79,1
DA:80,0
DA:81,0
DA:83,1
DA:84,1
DA:86,1
DA:87,0
DA:88,0
DA:90,1
DA:91,1
DA:96,1
DA:97,1
DA:98,0
DA:99,0
DA:102,1
DA:103,1
DA:104,0
DA:105,0
DA:106,0
DA:108,0
DA:109,0
DA:114,0
DA:115,0
DA:122,0
DA:128,1
DA:130,1
DA:131,1
DA:132,0
DA:134,0
DA:135,0
DA:137,0
DA:139,0
DA:140,0
DA:142,0
LF:77
LH:46
end_of_record
SF:lib/presentation/provider/home_notifier.dart
DA:6,0
DA:8,0
DA:9,0
DA:10,0
LF:4
LH:0
end_of_record
SF:lib/presentation/bloc/home/home_bloc.dart
DA:6,0
DA:7,0
DA:8,0
LF:3
LH:0
end_of_record
SF:lib/presentation/bloc/home/home_event.dart
DA:4,0
DA:9,0
LF:2
LH:0
end_of_record
SF:lib/presentation/interface/watchlist_ditonton_screen.dart
DA:13,0
DA:14,0
DA:19,0
DA:21,0
DA:22,0
DA:23,0
DA:24,0
DA:27,0
DA:29,0
DA:30,0
DA:33,0
DA:34,0
DA:35,0
DA:36,0
DA:39,0
DA:41,0
DA:43,0
DA:44,0
DA:45,0
DA:46,0
DA:47,0
DA:48,0
DA:49,0
DA:53,0
DA:54,0
DA:55,0
DA:56,0
DA:63,0
DA:65,0
DA:66,0
DA:71,0
DA:73,0
DA:74,0
DA:78,0
DA:80,0
DA:83,0
DA:84,0
DA:85,0
DA:86,0
DA:87,0
DA:88,0
DA:89,0
DA:90,0
DA:94,0
DA:95,0
DA:104,0
DA:106,0
DA:107,0
DA:111,0
DA:113,0
DA:116,0
DA:117,0
DA:118,0
DA:119,0
DA:120,0
DA:121,0
DA:122,0
DA:123,0
DA:127,0
DA:128,0
LF:60
LH:0
end_of_record
SF:lib/presentation/provider/watchlist_movie_notifier.dart
DA:10,2
DA:13,2
DA:16,2
DA:19,2
DA:22,2
DA:25,2
DA:27,1
DA:35,1
DA:36,1
DA:37,1
DA:39,2
DA:40,1
DA:41,1
DA:42,2
DA:43,1
DA:44,1
DA:46,1
DA:47,1
DA:48,1
DA:49,1
DA:54,1
DA:55,1
DA:56,1
DA:58,2
DA:60,2
DA:61,2
DA:62,1
DA:63,1
DA:64,1
DA:65,1
DA:66,1
DA:68,1
LF:32
LH:32
end_of_record
